<?xml version="1.0" encoding="UTF-8"?>
<!-- Generated by org.testng.reporters.JUnitReportReporter -->
<testsuite hostname="LAPTOP-H0M98MA0" failures="0" tests="1" name="com.mvn.TopsProject2.AddToCard" time="115.311" errors="0" timestamp="2023-08-09T16:40:54 IST" skipped="0">
  <testcase classname="com.mvn.TopsProject2.AddToCard" name="verifyAddToCardIcon" time="115.311"/>
  <system-out/>
</testsuite> <!-- com.mvn.TopsProject2.AddToCard -->
