<?xml version="1.0" encoding="UTF-8"?>
<!-- Generated by org.testng.reporters.JUnitReportReporter -->
<testsuite hostname="LAPTOP-H0M98MA0" failures="0" tests="4" name="com.mvn.TopsProject2.LoginPage" time="398.421" errors="0" timestamp="2023-08-07T16:10:29 IST" skipped="0">
  <testcase classname="com.mvn.TopsProject2.LoginPage" name="verifylocked_out_user" time="93.592"/>
  <system-out/>
  <testcase classname="com.mvn.TopsProject2.LoginPage" name="verifystandard_user" time="98.746"/>
  <system-out/>
  <testcase classname="com.mvn.TopsProject2.LoginPage" name="verifyproblem_user" time="104.804"/>
  <system-out/>
  <testcase classname="com.mvn.TopsProject2.LoginPage" name="verifyperformance_glitch_user" time="101.279"/>
  <system-out/>
</testsuite> <!-- com.mvn.TopsProject2.LoginPage -->
