<?xml version="1.0" encoding="UTF-8"?>
<!-- Generated by org.testng.reporters.JUnitReportReporter -->
<testsuite hostname="LAPTOP-H0M98MA0" failures="0" tests="4" name="com.mvn.Home_page" time="406.137" errors="0" timestamp="2023-08-09T17:28:50 IST" skipped="0">
  <testcase classname="com.mvn.Home_page" name="verifyMenuButton" time="109.743"/>
  <system-out/>
  <testcase classname="com.mvn.Home_page" name="verifyAddToCardbutton" time="96.368"/>
  <system-out/>
  <testcase classname="com.mvn.Home_page" name="verifyAddToCardIcon" time="97.167"/>
  <system-out/>
  <testcase classname="com.mvn.Home_page" name="verifyNameDropDwon" time="102.859"/>
  <system-out/>
</testsuite> <!-- com.mvn.Home_page -->
