<?xml version="1.0" encoding="UTF-8"?>
<!-- Generated by org.testng.reporters.JUnitReportReporter -->
<testsuite hostname="LAPTOP-H0M98MA0" failures="0" tests="1" name="DataDrivenFW.Swag_Labs" time="248.781" errors="0" timestamp="2023-08-11T17:22:36 IST" skipped="0">
  <testcase classname="DataDrivenFW.Swag_Labs" name="test" time="248.781"/>
  <system-out/>
</testsuite> <!-- DataDrivenFW.Swag_Labs -->
