<?xml version="1.0" encoding="UTF-8"?>
<!-- Generated by org.testng.reporters.JUnitReportReporter -->
<testsuite hostname="LAPTOP-H0M98MA0" failures="0" tests="1" name="com.mvn.LoginPage" time="795.867" errors="0" timestamp="2023-08-11T16:46:57 IST" skipped="0">
  <testcase classname="com.mvn.LoginPage" name="verifylocked_out_user" time="795.867"/>
  <system-out/>
</testsuite> <!-- com.mvn.LoginPage -->
