<?xml version="1.0" encoding="UTF-8"?>
<!-- Generated by org.testng.reporters.JUnitReportReporter -->
<testsuite hostname="LAPTOP-H0M98MA0" failures="0" tests="1" name="com.mvn.TopsProject.ProductsPage" time="18.322" errors="0" timestamp="2023-07-29T16:32:36 IST" skipped="0">
  <testcase classname="com.mvn.TopsProject.ProductsPage" name="verifySearchProductButton" time="18.322"/>
  <system-out/>
</testsuite> <!-- com.mvn.TopsProject.ProductsPage -->
