<?xml version="1.0" encoding="UTF-8"?>
<!-- Generated by org.testng.reporters.JUnitReportReporter -->
<testsuite hostname="LAPTOP-H0M98MA0" failures="0" tests="1" name="com.mvn.TopsProject2.Home_page" time="101.369" errors="0" timestamp="2023-08-09T15:43:34 IST" skipped="0">
  <testcase classname="com.mvn.TopsProject2.Home_page" name="verifyMenuButton" time="101.369"/>
  <system-out/>
</testsuite> <!-- com.mvn.TopsProject2.Home_page -->
